2022-07-10 11:26:41,489 INFO This is a private method
2022-07-10 11:26:41,490 INFO this is a private variable1
2022-07-10 11:26:41,490 INFO None
2022-07-10 11:28:38,845 INFO this is a public variable
2022-07-10 11:28:38,845 INFO public method
2022-07-10 11:28:38,845 INFO access outside the class
2022-07-10 11:28:38,845 INFO this is a public variable
2022-07-10 11:28:38,845 INFO public method
2022-07-10 11:28:38,845 INFO None
2022-07-10 11:29:34,029 INFO access protected members inside a class**********
2022-07-10 11:29:34,029 INFO this is a protected variable1
2022-07-10 11:29:34,029 INFO This is a protected method
2022-07-10 11:29:34,029 INFO We are accessing protected memeber outside a class **********
2022-07-10 11:29:34,076 INFO this is a protected variable1
2022-07-10 11:29:34,077 INFO This is a protected method
2022-07-10 11:29:34,077 INFO None
2022-07-10 11:29:34,077 INFO access protected members in inherited class***************
2022-07-10 11:29:34,078 INFO this is a protected variable1
2022-07-10 11:29:34,078 INFO This is a protected method
2022-07-10 11:31:37,836 INFO This is a private method
2022-07-10 11:31:37,836 INFO this is a private variable1
2022-07-10 11:31:37,836 INFO None
2022-07-10 11:34:16,704 INFO this is a public variable
2022-07-10 11:34:16,704 INFO public method
2022-07-10 11:34:16,704 INFO access outside the class
2022-07-10 11:34:16,704 INFO this is a public variable
2022-07-10 11:34:16,704 INFO public method
2022-07-10 11:34:16,704 INFO None
2022-07-10 11:37:57,822 INFO access protected members inside a class**********
2022-07-10 11:37:57,822 INFO this is a protected variable1
2022-07-10 11:37:57,822 INFO This is a protected method
2022-07-10 11:37:57,823 INFO We are accessing protected memeber outside a class **********
2022-07-10 11:37:57,823 INFO this is a protected variable1
2022-07-10 11:37:57,823 INFO This is a protected method
2022-07-10 11:37:57,823 INFO None
2022-07-10 11:37:57,823 INFO access protected members in inherited class***************
2022-07-10 11:37:57,823 INFO this is a protected variable1
2022-07-10 11:37:57,823 INFO This is a protected method
2022-07-10 11:39:03,790 INFO this is a public variable
2022-07-10 11:39:03,790 INFO public method
2022-07-10 11:39:03,790 INFO access outside the class
2022-07-10 11:39:03,790 INFO this is a public variable
2022-07-10 11:39:03,790 INFO public method
2022-07-10 11:39:03,790 INFO None
2022-07-10 12:09:16,718 INFO ('abc',)
2022-07-10 12:09:16,718 INFO ('address1',)
2022-07-10 12:09:16,718 INFO 1985
2022-07-10 12:19:57,167 INFO student courses
2022-07-10 12:19:57,168 INFO ineuron1 student courses
2022-07-10 12:19:57,168 INFO ineuron2 student courses
2022-07-10 12:21:40,873 INFO student courses
2022-07-10 12:21:40,873 INFO ineuron1 student courses
2022-07-10 12:21:40,873 INFO ineuron2 student courses
2022-07-10 12:23:16,599 INFO student courses
2022-07-10 12:23:16,599 INFO ineuron1 student courses
2022-07-10 12:23:16,599 INFO ineuron2 student courses
2022-07-10 12:25:45,256 INFO 2022-07-10
2022-07-10 12:27:06,517 INFO 2022-07-10
2022-07-10 12:29:52,284 INFO module1
2022-07-10 12:31:02,585 INFO module1
2022-07-10 12:39:24,737 INFO None
2022-07-10 12:39:35,098 INFO None
2022-07-10 12:40:06,992 INFO None
2022-07-10 12:53:01,075 INFO Python
2022-07-10 12:53:01,075 INFO sql
2022-07-10 12:53:54,780 INFO Python
2022-07-10 12:53:54,780 INFO sql
2022-07-10 13:05:01,248 INFO Python
2022-07-10 13:05:01,248 INFO sql
2022-07-10 13:27:28,561 INFO student details
2022-07-10 13:27:28,561 INFO ineuron student details
2022-07-10 13:28:15,656 INFO student details
2022-07-10 13:28:15,656 INFO ineuron student details
2022-07-10 13:32:58,103 INFO ineuron course fee details
